<?xml version="1.0" encoding="UTF-8"?>
<!-- Generated by org.testng.reporters.JUnitReportReporter -->
<testsuite hostname="Storm_Rider" failures="0" tests="2" name="pack1.CreateContactTest" time="0.011" errors="0" timestamp="2024-11-12T15:16:15 IST" skipped="0">
  <testcase classname="pack1.CreateContactTest" name="modifyContactTest" time="0.001"/>
  <system-out/>
  <testcase classname="pack1.CreateContactTest" name="createContactTest" time="0.010"/>
  <system-out/>
</testsuite> <!-- pack1.CreateContactTest -->
