<?xml version="1.0" encoding="UTF-8"?>
<!-- Generated by org.testng.reporters.JUnitReportReporter -->
<testsuite hostname="Storm_Rider" failures="0" tests="2" name="pack2.CreateOrgTest" time="0.012" errors="0" timestamp="2024-11-12T15:17:40 IST" skipped="0">
  <testcase classname="pack2.CreateOrgTest" name="modifyOrganisationTest" time="0.003"/>
  <system-out/>
  <testcase classname="pack2.CreateOrgTest" name="createOrganisationTest" time="0.009"/>
  <system-out/>
</testsuite> <!-- pack2.CreateOrgTest -->
